<?xml version="1.0" encoding="UTF-8"?>
<testng-results ignored="0" total="4" passed="4" failed="0" skipped="0">
  <reporter-output>
  </reporter-output>
  <suite started-at="2022-10-21T20:29:34 EET" name="Default suite" finished-at="2022-10-21T20:30:14 EET" duration-ms="40076">
    <groups>
      <group name="cucumber">
        <method signature="AbstractTestNGCucumberTests.runScenario(io.cucumber.testng.PickleWrapper,io.cucumber.testng.FeatureWrapper)[pri:0, instance:Cucumber.TestRunner@194bcebf]" name="runScenario" class="io.cucumber.testng.AbstractTestNGCucumberTests"/>
      </group> <!-- cucumber -->
    </groups>
    <test started-at="2022-10-21T20:29:34 EET" name="Default test" finished-at="2022-10-21T20:30:14 EET" duration-ms="40076">
      <class name="Cucumber.TestRunner">
        <test-method is-config="true" signature="setUpClass(org.testng.ITestContext)[pri:0, instance:Cucumber.TestRunner@194bcebf]" started-at="2022-10-21T20:29:34 EET" name="setUpClass" finished-at="2022-10-21T20:29:34 EET" duration-ms="245" status="PASS">
          <params>
            <param index="0">
              <value>
                <![CDATA[org.testng.TestRunner@65bad087]]>
              </value>
            </param>
          </params>
          <reporter-output>
          </reporter-output>
        </test-method> <!-- setUpClass -->
        <test-method signature="runScenario(io.cucumber.testng.PickleWrapper,io.cucumber.testng.FeatureWrapper)[pri:0, instance:Cucumber.TestRunner@194bcebf]" started-at="2022-10-21T20:29:34 EET" name="runScenario" description="Runs Cucumber Scenarios" data-provider="scenarios" finished-at="2022-10-21T20:29:57 EET" duration-ms="23481" status="PASS">
          <params>
            <param index="0">
              <value>
                <![CDATA["Search and Find product"]]>
              </value>
            </param>
            <param index="1">
              <value>
                <![CDATA["Find product and add basket"]]>
              </value>
            </param>
          </params>
          <reporter-output>
          </reporter-output>
        </test-method> <!-- runScenario -->
        <test-method signature="runScenario(io.cucumber.testng.PickleWrapper,io.cucumber.testng.FeatureWrapper)[pri:0, instance:Cucumber.TestRunner@194bcebf]" started-at="2022-10-21T20:29:57 EET" name="runScenario" description="Runs Cucumber Scenarios" data-provider="scenarios" finished-at="2022-10-21T20:30:05 EET" duration-ms="7955" status="PASS">
          <params>
            <param index="0">
              <value>
                <![CDATA["Add procduct to Basket page"]]>
              </value>
            </param>
            <param index="1">
              <value>
                <![CDATA["Find product and add basket"]]>
              </value>
            </param>
          </params>
          <reporter-output>
          </reporter-output>
        </test-method> <!-- runScenario -->
        <test-method signature="runScenario(io.cucumber.testng.PickleWrapper,io.cucumber.testng.FeatureWrapper)[pri:0, instance:Cucumber.TestRunner@194bcebf]" started-at="2022-10-21T20:30:05 EET" name="runScenario" description="Runs Cucumber Scenarios" data-provider="scenarios" finished-at="2022-10-21T20:30:12 EET" duration-ms="6648" status="PASS">
          <params>
            <param index="0">
              <value>
                <![CDATA["Save users Address"]]>
              </value>
            </param>
            <param index="1">
              <value>
                <![CDATA["Find product and add basket"]]>
              </value>
            </param>
          </params>
          <reporter-output>
          </reporter-output>
        </test-method> <!-- runScenario -->
        <test-method signature="runScenario(io.cucumber.testng.PickleWrapper,io.cucumber.testng.FeatureWrapper)[pri:0, instance:Cucumber.TestRunner@194bcebf]" started-at="2022-10-21T20:30:12 EET" name="runScenario" description="Runs Cucumber Scenarios" data-provider="scenarios" finished-at="2022-10-21T20:30:14 EET" duration-ms="1666" status="PASS">
          <params>
            <param index="0">
              <value>
                <![CDATA["Check payment page"]]>
              </value>
            </param>
            <param index="1">
              <value>
                <![CDATA["Find product and add basket"]]>
              </value>
            </param>
          </params>
          <reporter-output>
          </reporter-output>
        </test-method> <!-- runScenario -->
        <test-method is-config="true" signature="tearDownClass()[pri:0, instance:Cucumber.TestRunner@194bcebf]" started-at="2022-10-21T20:30:14 EET" name="tearDownClass" finished-at="2022-10-21T20:30:14 EET" duration-ms="69" status="PASS">
          <reporter-output>
          </reporter-output>
        </test-method> <!-- tearDownClass -->
      </class> <!-- Cucumber.TestRunner -->
    </test> <!-- Default test -->
  </suite> <!-- Default suite -->
</testng-results>
